* using log directory ‘/Users/david_kahle/Dropbox/dev/invgamma/invgamma/revdep/checks.noindex/BayesFBHborrow/new/BayesFBHborrow.Rcheck’
* using R version 4.5.1 (2025-06-13)
* using platform: aarch64-apple-darwin20
* R was compiled by
    Apple clang version 16.0.0 (clang-1600.0.26.6)
    GNU Fortran (GCC) 14.2.0
* running under: macOS Sequoia 15.5
* using session charset: UTF-8
* using options ‘--no-manual --no-build-vignettes’
* checking for file ‘BayesFBHborrow/DESCRIPTION’ ... OK
* this is package ‘BayesFBHborrow’ version ‘2.0.2’
* package encoding: UTF-8
* checking package namespace information ... OK
* checking package dependencies ... OK
* checking if this is a source package ... OK
* checking if there is a namespace ... OK
* checking for executable files ... OK
* checking for hidden files and directories ... OK
* checking for portable file names ... OK
* checking for sufficient/correct file permissions ... OK
* checking whether package ‘BayesFBHborrow’ can be installed ... OK
* checking installed package size ... OK
* checking package directory ... OK
* checking DESCRIPTION meta-information ... OK
* checking top-level files ... OK
* checking for left-over files ... OK
* checking index information ... OK
* checking package subdirectories ... OK
* checking code files for non-ASCII characters ... OK
* checking R files for syntax errors ... OK
* checking whether the package can be loaded ... OK
* checking whether the package can be loaded with stated dependencies ... OK
* checking whether the package can be unloaded cleanly ... OK
* checking whether the namespace can be loaded with stated dependencies ... OK
* checking whether the namespace can be unloaded cleanly ... OK
* checking loading without being on the library search path ... OK
* checking dependencies in R code ... OK
* checking S3 generic/method consistency ... OK
* checking replacement functions ... OK
* checking foreign function calls ... OK
* checking R code for possible problems ... OK
* checking Rd files ... OK
* checking Rd metadata ... OK
* checking Rd cross-references ... OK
* checking for missing documentation entries ... OK
* checking for code/documentation mismatches ... OK
* checking Rd \usage sections ... OK
* checking Rd contents ... OK
* checking for unstated dependencies in examples ... OK
* checking contents of ‘data’ directory ... OK
* checking data for non-ASCII characters ... OK
* checking LazyData ... OK
* checking data for ASCII and uncompressed saves ... OK
* checking examples ... ERROR
Running examples in ‘BayesFBHborrow-Ex.R’ failed
The error most likely occurred in:

> ### Name: BayesFBHborrow
> ### Title: BayesFBHborrow: Run MCMC for a piecewise exponential model
> ### Aliases: BayesFBHborrow
> 
> ### ** Examples
> 
> set.seed(123)
> # Load the example data
> data(piecewise_exp_cc, package = "BayesFBHborrow")
> data(piecewise_exp_hist, package = "BayesFBHborrow")
> 
> # Set your tuning parameters
> tuning_parameters <- list("Jmax" = 5,
+                           "pi_b" = 0.5,
+                           "cprop_beta" = 3.25,
+                           "alpha" = 0.4)
>                           
> # Set hyperparameters to default, with the borrowing model "mix"
> out <- BayesFBHborrow(data = piecewise_exp_cc, data_hist = piecewise_exp_hist,
+                       model_choice = 'mix', tuning_parameters = tuning_parameters,
+                       iter = 2, warmup_iter = 0)
Error in if (shape <= 0.01) { : the condition has length > 1
Calls: BayesFBHborrow ... GibbsMH -> GibbsMH.WBorrow -> .tau_update -> <Anonymous>
Execution halted
* checking for unstated dependencies in ‘tests’ ... OK
* checking tests ... ERROR
  Running ‘testthat.R’
Running the tests in ‘tests/testthat.R’ failed.
Last 13 lines of output:
      warning("`rinvgamma()` is unreliable for `shape` <= .01.", 
          call. = FALSE, immediate. = TRUE)
  }`: the condition has length > 1
  Backtrace:
      ▆
   1. ├─BayesFBHborrow::BayesFBHborrow(...) at test-run_mcmc.R:267:3
   2. └─BayesFBHborrow:::BayesFBHborrow.WBorrow(...)
   3.   ├─BayesFBHborrow::GibbsMH(...)
   4.   └─BayesFBHborrow:::GibbsMH.WBorrow(...)
   5.     └─BayesFBHborrow:::.tau_update(...)
   6.       └─invgamma::rinvgamma(n = J + 1, shape = ac[call], rate = bd[call])
  
  [ FAIL 11 | WARN 0 | SKIP 0 | PASS 572 ]
  Error: Test failures
  Execution halted
* DONE
Status: 2 ERRORs
