* installing *source* package ‘ashr’ ...
** this is package ‘ashr’ version ‘2.2-63’
** package ‘ashr’ successfully unpacked and MD5 sums checked
** using staged installation
** libs
using C++ compiler: ‘Apple clang version 17.0.0 (clang-1700.0.13.5)’
using SDK: ‘’
clang++ -arch arm64 -std=gnu++17 -I"/Library/Frameworks/R.framework/Resources/include" -DNDEBUG  -I'/Users/david_kahle/Dropbox/dev/invgamma/invgamma/revdep/library.noindex/ashr/Rcpp/include' -I/opt/R/arm64/include    -fPIC  -falign-functions=64 -Wall -g -O2  -I/opt/homebrew/Cellar/gsl/2.7.1/include  -c MixSquarem.cpp -o MixSquarem.o
clang++ -arch arm64 -std=gnu++17 -I"/Library/Frameworks/R.framework/Resources/include" -DNDEBUG  -I'/Users/david_kahle/Dropbox/dev/invgamma/invgamma/revdep/library.noindex/ashr/Rcpp/include' -I/opt/R/arm64/include    -fPIC  -falign-functions=64 -Wall -g -O2  -I/opt/homebrew/Cellar/gsl/2.7.1/include  -c RcppExports.cpp -o RcppExports.o
clang++ -arch arm64 -std=gnu++17 -dynamiclib -Wl,-headerpad_max_install_names -undefined dynamic_lookup -L/Library/Frameworks/R.framework/Resources/lib -L/opt/R/arm64/lib -L/opt/homebrew/Cellar/gsl/2.7.1/lib -L/opt/homebrew/lib/gcc/current -o ashr.so MixSquarem.o RcppExports.o -F/Library/Frameworks/R.framework/.. -framework R
ld: warning: search path '/opt/homebrew/Cellar/gsl/2.7.1/lib' not found
installing to /Users/david_kahle/Dropbox/dev/invgamma/invgamma/revdep/checks.noindex/ashr/new/ashr.Rcheck/00LOCK-ashr/00new/ashr/libs
** R
** inst
** byte-compile and prepare package for lazy loading
** help
*** installing help indices
** building package indices
** installing vignettes
** testing if installed package can be loaded from temporary location
** checking absolute paths in shared objects and dynamic libraries
** testing if installed package can be loaded from final location
** testing if installed package keeps a record of temporary installation path
* DONE (ashr)
