* installing *source* package ‘GCPBayes’ ...
** this is package ‘GCPBayes’ version ‘4.2.0’
** package ‘GCPBayes’ successfully unpacked and MD5 sums checked
** using staged installation
** libs
using C++ compiler: ‘Apple clang version 17.0.0 (clang-1700.0.13.5)’
using SDK: ‘’
clang++ -arch arm64 -std=gnu++17 -I"/Library/Frameworks/R.framework/Resources/include" -DNDEBUG  -I'/Users/david_kahle/Dropbox/dev/invgamma/invgamma/revdep/library.noindex/GCPBayes/Rcpp/include' -I'/Users/david_kahle/Dropbox/dev/invgamma/invgamma/revdep/library.noindex/GCPBayes/RcppArmadillo/include' -I/opt/R/arm64/include     -fPIC  -falign-functions=64 -Wall -g -O2  -I/opt/homebrew/Cellar/gsl/2.7.1/include  -c RcppExports.cpp -o RcppExports.o
clang++ -arch arm64 -std=gnu++17 -I"/Library/Frameworks/R.framework/Resources/include" -DNDEBUG  -I'/Users/david_kahle/Dropbox/dev/invgamma/invgamma/revdep/library.noindex/GCPBayes/Rcpp/include' -I'/Users/david_kahle/Dropbox/dev/invgamma/invgamma/revdep/library.noindex/GCPBayes/RcppArmadillo/include' -I/opt/R/arm64/include     -fPIC  -falign-functions=64 -Wall -g -O2  -I/opt/homebrew/Cellar/gsl/2.7.1/include  -c armacholinv.cpp -o armacholinv.o
clang++ -arch arm64 -std=gnu++17 -dynamiclib -Wl,-headerpad_max_install_names -undefined dynamic_lookup -L/Library/Frameworks/R.framework/Resources/lib -L/opt/R/arm64/lib -L/opt/homebrew/Cellar/gsl/2.7.1/lib -L/opt/homebrew/lib/gcc/current -o GCPBayes.so RcppExports.o armacholinv.o -L/Library/Frameworks/R.framework/Resources/lib -lRlapack -L/Library/Frameworks/R.framework/Resources/lib -lRblas -L/opt/homebrew/lib/gcc/current -F/Library/Frameworks/R.framework/.. -framework R
ld: warning: search path '/opt/homebrew/Cellar/gsl/2.7.1/lib' not found
installing to /Users/david_kahle/Dropbox/dev/invgamma/invgamma/revdep/checks.noindex/GCPBayes/old/GCPBayes.Rcheck/00LOCK-GCPBayes/00new/GCPBayes/libs
** R
** data
*** moving datasets to lazyload DB
** inst
** byte-compile and prepare package for lazy loading
** help
*** installing help indices
** building package indices
** testing if installed package can be loaded from temporary location
** checking absolute paths in shared objects and dynamic libraries
** testing if installed package can be loaded from final location
** testing if installed package keeps a record of temporary installation path
* DONE (GCPBayes)
