* using log directory ‘/Users/david_kahle/Dropbox/dev/invgamma/invgamma/revdep/checks.noindex/Pirat/new/Pirat.Rcheck’
* using R version 4.5.1 (2025-06-13)
* using platform: aarch64-apple-darwin20
* R was compiled by
    Apple clang version 16.0.0 (clang-1600.0.26.6)
    GNU Fortran (GCC) 14.2.0
* running under: macOS Sequoia 15.5
* using session charset: UTF-8
* using options ‘--no-manual --no-build-vignettes’
* checking for file ‘Pirat/DESCRIPTION’ ... OK
* checking extension type ... Package
* this is package ‘Pirat’ version ‘1.2.0’
* package encoding: UTF-8
* checking package namespace information ... OK
* checking package dependencies ... OK
* checking if this is a source package ... OK
* checking if there is a namespace ... OK
* checking for executable files ... OK
* checking for hidden files and directories ... OK
* checking for portable file names ... OK
* checking for sufficient/correct file permissions ... OK
* checking whether package ‘Pirat’ can be installed ... NOTE
Found the following notes/warnings:
  Non-staged installation was used
See ‘/Users/david_kahle/Dropbox/dev/invgamma/invgamma/revdep/checks.noindex/Pirat/new/Pirat.Rcheck/00install.out’ for details.
* checking installed package size ... OK
* checking package directory ... OK
* checking ‘build’ directory ... OK
* checking DESCRIPTION meta-information ... OK
* checking top-level files ... OK
* checking for left-over files ... OK
* checking index information ... OK
* checking package subdirectories ... OK
* checking code files for non-ASCII characters ... OK
* checking R files for syntax errors ... OK
* checking whether the package can be loaded ... OK
* checking whether the package can be loaded with stated dependencies ... OK
* checking whether the package can be unloaded cleanly ... OK
* checking whether the namespace can be loaded with stated dependencies ... OK
* checking whether the namespace can be unloaded cleanly ... OK
* checking loading without being on the library search path ... OK
* checking dependencies in R code ... OK
* checking S3 generic/method consistency ... OK
* checking replacement functions ... OK
* checking foreign function calls ... OK
* checking R code for possible problems ... NOTE
plot_pep_correlations: no visible binding for global variable ‘group’
Undefined global functions or variables:
  group
* checking Rd files ... OK
* checking Rd metadata ... OK
* checking Rd cross-references ... OK
* checking for missing documentation entries ... OK
* checking for code/documentation mismatches ... OK
* checking Rd \usage sections ... OK
* checking Rd contents ... OK
* checking for unstated dependencies in examples ... OK
* checking contents of ‘data’ directory ... OK
* checking data for non-ASCII characters ... OK
* checking data for ASCII and uncompressed saves ... OK
* checking line endings in shell scripts ... OK
* checking installed files from ‘inst/doc’ ... OK
* checking files in ‘vignettes’ ... OK
* checking examples ... OK
* checking for unstated dependencies in ‘tests’ ... OK
* checking tests ... OK
  Running ‘test_pirat.R’
* checking for unstated dependencies in vignettes ... OK
* checking package vignettes ... OK
* checking running R code from vignettes ... OK
  ‘Pirat.Rmd’ using ‘UTF-8’... OK
* checking re-building of vignette outputs ... SKIPPED
* DONE
Status: 2 NOTEs
